<?xml version="1.0" encoding="UTF-8"?>
<!-- Generated by org.testng.reporters.JUnitReportReporter -->
<testsuite hostname="DESKTOP-LEDVHGH" failures="0" tests="3" name="day42.FirstTestCase" time="0.016" errors="0" timestamp="2025-04-05T18:06:45 IST" skipped="0">
  <testcase classname="day42.FirstTestCase" name="openapp" time="0.008"/>
  <testcase classname="day42.FirstTestCase" name="login" time="0.005"/>
  <testcase classname="day42.FirstTestCase" name="logout" time="0.003"/>
</testsuite> <!-- day42.FirstTestCase -->
