<?xml version="1.0" encoding="UTF-8"?>
<!-- Generated by org.testng.reporters.JUnitReportReporter -->
<testsuite hostname="DESKTOP-LEDVHGH" failures="0" tests="2" name="infosysFirstRound.ParallelClass1Demo" time="2.026" errors="0" timestamp="2025-06-02T00:14:34 IST" skipped="0">
  <testcase classname="infosysFirstRound.ParallelClass1Demo" name="testTwo" time="1.008"/>
  <testcase classname="infosysFirstRound.ParallelClass1Demo" name="testOne" time="1.018"/>
</testsuite> <!-- infosysFirstRound.ParallelClass1Demo -->
