<?xml version="1.0" encoding="UTF-8"?>
<!-- Generated by org.testng.reporters.JUnitReportReporter -->
<testsuite hostname="DESKTOP-LEDVHGH" failures="0" tests="2" name="day43.AnnotationsDemo2" time="0.023" errors="0" timestamp="2025-04-05T19:32:03 IST" skipped="0">
  <testcase classname="day43.AnnotationsDemo2" name="search" time="0.018"/>
  <testcase classname="day43.AnnotationsDemo2" name="advancedsearch" time="0.005"/>
</testsuite> <!-- day43.AnnotationsDemo2 -->
