<?xml version="1.0" encoding="UTF-8"?>
<!-- Generated by org.testng.reporters.JUnitReportReporter -->
<testsuite hostname="DESKTOP-LEDVHGH" failures="0" tests="2" name="day43.AllAnnotations" time="0.016" errors="0" timestamp="2025-04-06T10:01:25 IST" skipped="0">
  <testcase classname="day43.AllAnnotations" name="tm1" time="0.013"/>
  <testcase classname="day43.AllAnnotations" name="tm2" time="0.003"/>
</testsuite> <!-- day43.AllAnnotations -->
