<?xml version="1.0" encoding="UTF-8"?>
<!-- Generated by org.testng.reporters.JUnitReportReporter -->
<testsuite hostname="DESKTOP-LEDVHGH" failures="0" tests="18" name="infosysFirstRound.TestSuiteDemo" time="0.056" errors="0" timestamp="2025-06-01T22:41:36 IST" skipped="3">
  <testcase classname="infosysFirstRound.TestSuiteDemo" name="verifyLogin" time="0.014"/>
  <testcase classname="infosysFirstRound.TestSuiteDemo" name="verifyLogin" time="0.003"/>
  <testcase classname="infosysFirstRound.TestSuiteDemo" name="verifyLogin" time="0.002"/>
  <testcase classname="infosysFirstRound.TestSuiteDemo" name="verifyProfileUpdate" time="0.002"/>
  <testcase classname="infosysFirstRound.TestSuiteDemo" name="verifyProfileUpdate" time="0.004"/>
  <testcase classname="infosysFirstRound.TestSuiteDemo" name="verifyProfileUpdate" time="0.003"/>
  <testcase classname="infosysFirstRound.TestSuiteDemo" name="verifySearchFunctionality" time="0.004"/>
  <testcase classname="infosysFirstRound.TestSuiteDemo" name="verifySearchFunctionality" time="0.003"/>
  <testcase classname="infosysFirstRound.TestSuiteDemo" name="verifySearchFunctionality" time="0.002"/>
  <testcase classname="infosysFirstRound.TestSuiteDemo" name="verifyLogout" time="0.002"/>
  <testcase classname="infosysFirstRound.TestSuiteDemo" name="verifyLogout" time="0.004"/>
  <testcase classname="infosysFirstRound.TestSuiteDemo" name="verifyLogout" time="0.002"/>
  <testcase classname="infosysFirstRound.TestSuiteDemo" name="verifyTitle" time="0.003"/>
  <testcase classname="infosysFirstRound.TestSuiteDemo" name="verifyTitle" time="0.005"/>
  <testcase classname="infosysFirstRound.TestSuiteDemo" name="verifyTitle" time="0.003"/>
  <testcase classname="infosysFirstRound.TestSuiteDemo" name="disabledTest">
    <skipped/>
  </testcase> <!-- disabledTest -->
  <testcase classname="infosysFirstRound.TestSuiteDemo" name="disabledTest">
    <skipped/>
  </testcase> <!-- disabledTest -->
  <testcase classname="infosysFirstRound.TestSuiteDemo" name="disabledTest">
    <skipped/>
  </testcase> <!-- disabledTest -->
</testsuite> <!-- infosysFirstRound.TestSuiteDemo -->
