<?xml version="1.0" encoding="UTF-8"?>
<!-- Generated by org.testng.reporters.JUnitReportReporter -->
<testsuite hostname="DESKTOP-LEDVHGH" failures="0" tests="2" name="day43.AnnotationsDemo1" time="0.091" errors="0" timestamp="2025-04-05T19:23:29 IST" skipped="0">
  <testcase classname="day43.AnnotationsDemo1" name="search" time="0.080"/>
  <testcase classname="day43.AnnotationsDemo1" name="advancedsearch" time="0.011"/>
</testsuite> <!-- day43.AnnotationsDemo1 -->
