<?xml version="1.0" encoding="UTF-8"?>
<!-- Generated by org.testng.reporters.JUnitReportReporter -->
<testsuite hostname="DESKTOP-LEDVHGH" failures="0" tests="9" name="day45.ParamTest" time="0.222" errors="0" timestamp="2025-04-06T20:30:46 IST" skipped="0">
  <testcase classname="day45.ParamTest" name="testLogo" time="0.047"/>
  <testcase classname="day45.ParamTest" name="testLogo" time="0.075"/>
  <testcase classname="day45.ParamTest" name="testLogo" time="0.037"/>
  <testcase classname="day45.ParamTest" name="testTitle" time="0.009"/>
  <testcase classname="day45.ParamTest" name="testTitle" time="0.014"/>
  <testcase classname="day45.ParamTest" name="testTitle" time="0.006"/>
  <testcase classname="day45.ParamTest" name="testURL" time="0.020"/>
  <testcase classname="day45.ParamTest" name="testURL" time="0.011"/>
  <testcase classname="day45.ParamTest" name="testURL" time="0.003"/>
</testsuite> <!-- day45.ParamTest -->
