<?xml version="1.0" encoding="UTF-8"?>
<!-- Generated by org.testng.reporters.JUnitReportReporter -->
<testsuite hostname="DESKTOP-LEDVHGH" failures="0" tests="2" name="infosysFirstRound.ParallelTest2Demo" time="2.035" errors="0" timestamp="2025-06-02T00:21:52 IST" skipped="0">
  <testcase classname="infosysFirstRound.ParallelTest2Demo" name="testFour" time="1.027"/>
  <testcase classname="infosysFirstRound.ParallelTest2Demo" name="testThree" time="1.008"/>
</testsuite> <!-- infosysFirstRound.ParallelTest2Demo -->
