<?xml version="1.0" encoding="UTF-8"?>
<!-- Generated by org.testng.reporters.JUnitReportReporter -->
<testsuite hostname="DESKTOP-LEDVHGH" failures="0" tests="2" name="day44.PaymentTests" time="0.012" errors="0" timestamp="2025-04-06T12:26:41 IST" skipped="0">
  <testcase classname="day44.PaymentTests" name="paymentinRupees" time="0.011"/>
  <testcase classname="day44.PaymentTests" name="paymentinDollers" time="0.001"/>
</testsuite> <!-- day44.PaymentTests -->
