<?xml version="1.0" encoding="UTF-8"?>
<!-- Generated by org.testng.reporters.JUnitReportReporter -->
<testsuite hostname="DESKTOP-LEDVHGH" failures="0" tests="1" name="day47.LoginTest" time="0.717" errors="0" timestamp="2025-04-07T21:25:46 IST" skipped="0">
  <testcase classname="day47.LoginTest" name="testLogin" time="0.717"/>
</testsuite> <!-- day47.LoginTest -->
