<?xml version="1.0" encoding="UTF-8"?>
<!-- Generated by org.testng.reporters.JUnitReportReporter -->
<testsuite hostname="DESKTOP-LEDVHGH" failures="0" tests="4" name="day42.OrangeHRMTest" time="12.965" errors="0" timestamp="2025-04-05T18:06:45 IST" skipped="0">
  <testcase classname="day42.OrangeHRMTest" name="openpp" time="5.017"/>
  <testcase classname="day42.OrangeHRMTest" name="testLogo" time="7.062"/>
  <testcase classname="day42.OrangeHRMTest" name="testLogin" time="0.286"/>
  <testcase classname="day42.OrangeHRMTest" name="closeApp" time="0.600"/>
</testsuite> <!-- day42.OrangeHRMTest -->
