<?xml version="1.0" encoding="UTF-8"?>
<!-- Generated by org.testng.reporters.JUnitReportReporter -->
<testsuite hostname="DESKTOP-LEDVHGH" failures="0" tests="2" name="day43.pack.C3" time="0.007" errors="0" timestamp="2025-04-06T09:45:44 IST" skipped="0">
  <testcase classname="day43.pack.C3" name="pqr" time="0.002"/>
  <testcase classname="day43.pack.C3" name="pqr" time="0.005"/>
</testsuite> <!-- day43.pack.C3 -->
