<?xml version="1.0" encoding="UTF-8"?>
<!-- Generated by org.testng.reporters.JUnitReportReporter -->
<testsuite hostname="DESKTOP-LEDVHGH" failures="0" tests="3" name="day44.LoginTests" time="0.017" errors="0" timestamp="2025-04-06T12:21:20 IST" skipped="0">
  <testcase classname="day44.LoginTests" name="loginByEmail" time="0.012"/>
  <testcase classname="day44.LoginTests" name="loginByFacebook" time="0.003"/>
  <testcase classname="day44.LoginTests" name="loginBytwitter" time="0.002"/>
</testsuite> <!-- day44.LoginTests -->
