<?xml version="1.0" encoding="UTF-8"?>
<!-- Generated by org.testng.reporters.JUnitReportReporter -->
<testsuite hostname="DESKTOP-LEDVHGH" failures="0" tests="3" name="day44.SignUpTests" time="0.018" errors="0" timestamp="2025-04-06T12:22:22 IST" skipped="0">
  <testcase classname="day44.SignUpTests" name="signupbyemail" time="0.014"/>
  <testcase classname="day44.SignUpTests" name="signupbyfacebook" time="0.002"/>
  <testcase classname="day44.SignUpTests" name="signupbytwitter" time="0.002"/>
</testsuite> <!-- day44.SignUpTests -->
