<?xml version="1.0" encoding="UTF-8"?>
<!-- Generated by org.testng.reporters.JUnitReportReporter -->
<testsuite hostname="DESKTOP-LEDVHGH" failures="0" tests="2" name="infosysFirstRound.ParallelClass2Demo" time="2.026" errors="0" timestamp="2025-06-02T00:14:34 IST" skipped="0">
  <testcase classname="infosysFirstRound.ParallelClass2Demo" name="testThree" time="1.009"/>
  <testcase classname="infosysFirstRound.ParallelClass2Demo" name="testFour" time="1.017"/>
</testsuite> <!-- infosysFirstRound.ParallelClass2Demo -->
