<?xml version="1.0" encoding="UTF-8"?>
<!-- Generated by org.testng.reporters.JUnitReportReporter -->
<testsuite hostname="DESKTOP-LEDVHGH" failures="0" tests="4" name="infosysFirstRound.TestNGAnnotationDemo" time="0.018" errors="0" timestamp="2025-06-01T21:10:04 IST" skipped="0">
  <testcase classname="infosysFirstRound.TestNGAnnotationDemo" name="testLogin" time="0.008"/>
  <testcase classname="infosysFirstRound.TestNGAnnotationDemo" name="testHomePage" time="0.005"/>
  <testcase classname="infosysFirstRound.TestNGAnnotationDemo" name="testLogout" time="0.003"/>
  <testcase classname="infosysFirstRound.TestNGAnnotationDemo" name="testDisabled" time="0.002"/>
</testsuite> <!-- infosysFirstRound.TestNGAnnotationDemo -->
